<?xml version="1.0" encoding="UTF-8"?>
<!-- Generated by org.testng.reporters.JUnitXMLReporter -->
<testsuite ignored="0" hostname="Lenovoi5" failures="0" tests="2" name="BankingApp Test(failed)(failed)" time="32.476" errors="0" timestamp="2024-07-23T17:33:01 IST">
  <testcase classname="com.inetBank.testCases.TC_loginDDT_02" name="LoginDDT" time="11.485"/>
  <testcase classname="com.inetBank.testCases.TC_loginDDT_02" name="LoginDDT" time="10.621"/>
</testsuite> <!-- BankingApp Test(failed)(failed) -->
