<?xml version="1.0" encoding="UTF-8"?>
<testng-results ignored="0" total="1" passed="1" failed="0" skipped="0">
  <reporter-output>
  </reporter-output>
  <suite started-at="2024-07-24T15:24:12 IST" name="InetBankV1" finished-at="2024-07-24T15:24:23 IST" duration-ms="10617">
    <groups>
    </groups>
    <test started-at="2024-07-24T15:24:12 IST" name="BankingApp Test" finished-at="2024-07-24T15:24:23 IST" duration-ms="10617">
      <class name="com.inetBank.testCases.TC_logintest_01">
        <test-method is-config="true" signature="setup(java.lang.String)[pri:0, instance:com.inetBank.testCases.TC_logintest_01@41fecb8b]" started-at="2024-07-24T15:24:12 IST" name="setup" finished-at="2024-07-24T15:24:20 IST" duration-ms="7380" status="PASS">
          <params>
            <param index="0">
              <value>
                <![CDATA[ie]]>
              </value>
            </param>
          </params>
          <reporter-output>
          </reporter-output>
        </test-method> <!-- setup -->
        <test-method signature="loginTest()[pri:0, instance:com.inetBank.testCases.TC_logintest_01@41fecb8b]" started-at="2024-07-24T15:24:20 IST" name="loginTest" finished-at="2024-07-24T15:24:22 IST" duration-ms="2588" status="PASS">
          <reporter-output>
          </reporter-output>
        </test-method> <!-- loginTest -->
        <test-method is-config="true" signature="tearDown()[pri:0, instance:com.inetBank.testCases.TC_logintest_01@41fecb8b]" started-at="2024-07-24T15:24:22 IST" name="tearDown" finished-at="2024-07-24T15:24:23 IST" duration-ms="578" status="PASS">
          <reporter-output>
          </reporter-output>
        </test-method> <!-- tearDown -->
      </class> <!-- com.inetBank.testCases.TC_logintest_01 -->
    </test> <!-- BankingApp Test -->
  </suite> <!-- InetBankV1 -->
</testng-results>
